www.sberbank.ru - duplicate
novostinedeli24.com - couldn't resolve
www.cit-ufa.ru - duplicate
www.roseltorg.ru - duplicate
www.024.by - duplicate
kremlin.ru - duplicate
psi.promo.sber.ru - couldn't resolve
rustories.sber.ru - couldn't resolve
beta.ai.sber.ru - couldn't resolve
rabota.sber.ru - couldn't resolve
id.sber.ru - couldn't resolve
ift.sber.ru - couldn't resolve
privet-draft.sber.ru - couldn't resolve
vitrina.sber.ru - couldn't resolve
de.developer.sber.ru - couldn't resolve
kizen.sbercontact.sberbank.ru - couldn't resolve
www.kasko.sberbank.ru - couldn't resolve
and-upsi-asbs.online.sberbank.ru - couldn't resolve
ios-up1-asbs.online.sberbank.ru - couldn't resolve
esa-si-res.online.sberbank.ru - couldn't resolve
mobile-standin1.online.sberbank.ru - couldn't resolve
si1.online.sberbank.ru - couldn't resolve
www.sberbank.ru - duplicate
upgsbi.sberbank.ru - couldn't resolve
smartmarket.online.sberbank.ru - couldn't resolve
eed-dialog-messenger.online.sberbank.ru - couldn't resolve
dialog-messenger-psi.online.sberbank.ru - couldn't resolve
stat.esr.sberbank.ru - couldn't resolve
korussbof.sberbank.ru - couldn't resolve
ddp-stg.sberbank.ru - couldn't resolve
psi-sberbank-ru.sberbank.ru - couldn't resolve
expe-s-n1up.sberbank.ru - couldn't resolve
seodostore.sberbank.ru - couldn't resolve
sber2020.sberbank.ru - couldn't resolve
push.myoffice.sberbank.ru - couldn't resolve
appapi.myoffice.sberbank.ru - couldn't resolve
front.node0.online.sberbank.ru - couldn't resolve
sberalisa.sberbank.ru - couldn't resolve
geo.online.sberbank.ru - couldn't resolve
stage.front.node1.online.sberbank.ru - couldn't resolve
sberbank.ru - duplicate
www.online.autokreditbank.ru - couldn't resolve
m.baltnews.lt - couldn't resolve
www.baltnews.lt - couldn't resolve
baltnews.lt - couldn't resolve
www.belarus.by - duplicate
www.belnovosti.by - duplicate
mzkadry.sakha.gov.ru - couldn't resolve
deloweb.sakha.gov.ru - couldn't resolve
cgko.sakha.gov.ru - couldn't resolve
autodiscover.sakha.gov.ru - couldn't resolve
mail.sakha.gov.ru - couldn't resolve
lyncdiscover.sakha.gov.ru - couldn't resolve
lync.sakha.gov.ru - couldn't resolve
meet.sakha.gov.ru - couldn't resolve
sip.sakha.gov.ru - couldn't resolve
esed.sakha.gov.ru - couldn't resolve
proverki.gov.ru - duplicate
pwd.wto.economy.gov.ru - duplicate
zan.sakha.gov.ru - couldn't resolve
kadry.sakha.gov.ru - couldn't resolve
tdb.sakha.gov.ru - couldn't resolve
road.sakha.gov.ru - couldn't resolve
rk.gov.ru - duplicate
sakha.gov.ru - couldn't resolve
rkn.gov.ru - duplicate
ca.sakha.gov.ru - couldn't resolve
web.sakha.gov.ru - couldn't resolve
app.parlament.gov.ru - couldn't resolve
sip2.sakha.gov.ru - couldn't resolve
agip.sakha.gov.ru - couldn't resolve
alekseev.sakha.gov.ru - couldn't resolve
arktika.sakha.gov.ru - couldn't resolve
berkakit.sakha.gov.ru - couldn't resolve
cik.sakha.gov.ru - couldn't resolve
depad.sakha.gov.ru - couldn't resolve
deples.sakha.gov.ru - couldn't resolve
depohota.sakha.gov.ru - couldn't resolve
depohran.sakha.gov.ru - couldn't resolve
deprgi.sakha.gov.ru - couldn't resolve
depsmi.sakha.gov.ru - couldn't resolve
deputatsky.sakha.gov.ru - couldn't resolve
depvet.sakha.gov.ru - couldn't resolve
djachkovskij.sakha.gov.ru - couldn't resolve
dvo.sakha.gov.ru - couldn't resolve
eldikan.sakha.gov.ru - couldn't resolve
ggs.sakha.gov.ru - couldn't resolve
gibdd.sakha.gov.ru - couldn't resolve
gkcp.sakha.gov.ru - couldn't resolve
gkgeo.sakha.gov.ru - couldn't resolve
gkgosz.sakha.gov.ru - couldn't resolve
gkinpn.sakha.gov.ru - couldn't resolve
gkobzgn.sakha.gov.ru - couldn't resolve
gku.sakha.gov.ru - couldn't resolve
gkyu.sakha.gov.ru - couldn't resolve
gkzn.sakha.gov.ru - couldn't resolve
glava.sakha.gov.ru - couldn't resolve
gosalcogol.sakha.gov.ru - couldn't resolve
goscomnas.sakha.gov.ru - couldn't resolve
hani.sakha.gov.ru - couldn't resolve
igramin.sakha.gov.ru - couldn't resolve
iltumen.sakha.gov.ru - couldn't resolve
iu-upch.sakha.gov.ru - couldn't resolve
iu-upkm.sakha.gov.ru - couldn't resolve
iu-uppr.sakha.gov.ru - couldn't resolve
iu-upzp.sakha.gov.ru - couldn't resolve
izor.sakha.gov.ru - couldn't resolve
jakutsk.sakha.gov.ru - couldn't resolve
ks.sakha.gov.ru - couldn't resolve
marinychev.sakha.gov.ru - couldn't resolve
medo.sakha.gov.ru - couldn't resolve
mineconomic.sakha.gov.ru - couldn't resolve
minfin.sakha.gov.ru - couldn't resolve
mingkh.sakha.gov.ru - couldn't resolve
minimush.sakha.gov.ru - couldn't resolve
mininvest.sakha.gov.ru - couldn't resolve
minkult.sakha.gov.ru - couldn't resolve
minmol.sakha.gov.ru - couldn't resolve
minobchestvo.sakha.gov.ru - couldn't resolve
minobr.sakha.gov.ru - couldn't resolve
minpredpr.sakha.gov.ru - couldn't resolve
minpriroda.sakha.gov.ru - couldn't resolve
minprofobr.sakha.gov.ru - couldn't resolve
minprom.sakha.gov.ru - couldn't resolve
minsel.sakha.gov.ru - couldn't resolve
minsport.sakha.gov.ru - couldn't resolve
minstroy.sakha.gov.ru - couldn't resolve
minsvyaz.sakha.gov.ru - couldn't resolve
mintrans.sakha.gov.ru - couldn't resolve
mintrud.sakha.gov.ru - couldn't resolve
minzdrav.sakha.gov.ru - couldn't resolve
mirsud.sakha.gov.ru - couldn't resolve
molprav.sakha.gov.ru - couldn't resolve
ms.sakha.gov.ru - couldn't resolve
munserv.sakha.gov.ru - couldn't resolve
mvs.sakha.gov.ru - couldn't resolve
nelemnoye.sakha.gov.ru - couldn't resolve
nijyansk.sakha.gov.ru - couldn't resolve
nikiforov.sakha.gov.ru - couldn't resolve
omukov.sakha.gov.ru - couldn't resolve
open.sakha.gov.ru - couldn't resolve
postpredspb.sakha.gov.ru - couldn't resolve
postpredstvo.sakha.gov.ru - couldn't resolve
pp-dfo.sakha.gov.ru - couldn't resolve
prav.sakha.gov.ru - couldn't resolve
pred.sakha.gov.ru - couldn't resolve
predstav.sakha.gov.ru - couldn't resolve
projects.sakha.gov.ru - couldn't resolve
schetnaja-palata.sakha.gov.ru - couldn't resolve
selo.sakha.gov.ru - couldn't resolve
serebro-bor.sakha.gov.ru - couldn't resolve
solovjev.sakha.gov.ru - couldn't resolve
technadzor.sakha.gov.ru - couldn't resolve
terorg.sakha.gov.ru - couldn't resolve
ugpk.sakha.gov.ru - couldn't resolve
upr-akhodgp.sakha.gov.ru - couldn't resolve
upr-gszgn.sakha.gov.ru - couldn't resolve
uprzags.sakha.gov.ru - couldn't resolve
ustkuiga.sakha.gov.ru - couldn't resolve
ustmaia.sakha.gov.ru - couldn't resolve
www.sakha.gov.ru - couldn't resolve
yazsov.sakha.gov.ru - couldn't resolve
zhataj.sakha.gov.ru - couldn't resolve
www.eurosib.ru - duplicate
www.gazprombank.ru - duplicate
zakupki.gazprom.ru - duplicate
www.gosuslugi.ru - duplicate
asoi.interfax.ru - couldn't resolve
kommersant.ru - duplicate
kp.ru - duplicate
lukoil.ru - duplicate
magnit.ru - duplicate
mil.ru - duplicate
www.mil.by - duplicate
minsknews.by - duplicate
mk.ru - duplicate
mogilevnews.by - duplicate
pp-my.mos.ru - couldn't resolve
grafana.pp-my.mos.ru - couldn't resolve
dex.pp-my.mos.ru - couldn't resolve
site.pp-my.mos.ru - couldn't resolve
dashboard.pp-my.mos.ru - couldn't resolve
cos.mos.ru - couldn't resolve
www.cos.mos.ru - couldn't resolve
tr.mos.ru - couldn't resolve
terplan.mos.ru - couldn't resolve
www.terplan.mos.ru - couldn't resolve
ossig.mos.ru - couldn't resolve
www.findme.mos.ru - couldn't resolve
upload.manage.mos.ru - couldn't resolve
upload.manage.new.tech.mos.ru - couldn't resolve
www.pgu.mos.ru - couldn't resolve
mos.ru - duplicate
nangs.org - duplicate
nlmk.com - duplicate
www.nornickel.com - duplicate
nornickel.com - duplicate
omk.ru - duplicate
ont.by - duplicate
open.ru - duplicate
www.polymetalinternational.com - duplicate
radiobelarus.by - duplicate
radiobrestfm.by - duplicate
radiomir.by - duplicate
radiostalica.by - duplicate
radiusfm.by - duplicate
raiffeisen.ru - duplicate
riafan.ru - duplicate
m.crimea.ria.ru - couldn't resolve
lyncdiscover.ria.ru - couldn't resolve
cdnn1.img.ria.ru - couldn't resolve
onesignal.mobileapi.ria.ru - couldn't resolve
ria.ru - duplicate
rmk-group.ru - duplicate
ddbm.rt.com - couldn't resolve
contacts.rt.com - couldn't resolve
admin-contacts.rt.com - couldn't resolve
rt.com - duplicate
www.sb.by - duplicate
www.sibur.ru - duplicate
lyncdiscover.uos.sibur.ru - couldn't resolve
sip.uos.sibur.ru - couldn't resolve
sibur.ru - duplicate
sputnik.by - duplicate
www.surgutneftegas.ru - duplicate
www.tmk-group.ru - duplicate
www.tvr.by - duplicate
www.tvrmogilev.by - duplicate
ukraina.ru - duplicate
oos.uralkali.com - couldn't resolve
www.vtb.ru - duplicate
ya.ru - duplicate
scr.online.sberbank.ru - duplicate
iz.ru - duplicate
www.kp.ru - duplicate
www.mk.ru - duplicate
www.rbc.ru - duplicate
vesti.ru - duplicate
